<?xml version="1.0" encoding="UTF-8"?>
<!-- Generated by org.testng.reporters.JUnitXMLReporter -->
<testsuite ignored="0" hostname="VietHuong" failures="0" tests="3" name="Surefire test" time="0.105" errors="0" timestamp="2025-03-02T11:26:06 ICT">
  <testcase classname="com.mycompany.mavenproject2.Mavenproject2Test" name="testUpdateName on testUpdateName(com.mycompany.mavenproject2.Mavenproject2Test)" time="0.025"/>
  <testcase classname="com.mycompany.mavenproject2.Mavenproject2Test" name="testGetName on testGetName(com.mycompany.mavenproject2.Mavenproject2Test)" time="0.023"/>
  <testcase classname="com.mycompany.mavenproject2.Mavenproject2Test" name="testSetAge on testSetAge(com.mycompany.mavenproject2.Mavenproject2Test)" time="0.024"/>
</testsuite> <!-- Surefire test -->
