<?xml version="1.0" encoding="UTF-8"?>
<testng-results ignored="0" total="3" passed="3" failed="0" skipped="0">
  <reporter-output>
  </reporter-output>
  <suite started-at="2025-03-02T11:26:06 ICT" name="Surefire suite" finished-at="2025-03-02T11:26:06 ICT" duration-ms="105">
    <groups>
    </groups>
    <test started-at="2025-03-02T11:26:06 ICT" name="Surefire test" finished-at="2025-03-02T11:26:06 ICT" duration-ms="105">
      <class name="com.mycompany.mavenproject2.Mavenproject2Test">
        <test-method signature="testUpdateName()" started-at="2025-03-02T11:26:06 ICT" name="testUpdateName" finished-at="2025-03-02T11:26:06 ICT" duration-ms="25" status="PASS">
          <reporter-output>
          </reporter-output>
        </test-method> <!-- testUpdateName -->
        <test-method signature="testGetName()" started-at="2025-03-02T11:26:06 ICT" name="testGetName" finished-at="2025-03-02T11:26:06 ICT" duration-ms="23" status="PASS">
          <reporter-output>
          </reporter-output>
        </test-method> <!-- testGetName -->
        <test-method signature="testSetAge()" started-at="2025-03-02T11:26:06 ICT" name="testSetAge" finished-at="2025-03-02T11:26:06 ICT" duration-ms="24" status="PASS">
          <reporter-output>
          </reporter-output>
        </test-method> <!-- testSetAge -->
      </class> <!-- com.mycompany.mavenproject2.Mavenproject2Test -->
    </test> <!-- Surefire test -->
  </suite> <!-- Surefire suite -->
</testng-results>
